[debug] [2023-08-24T13:46:29.287Z] ----------------------------------------------------------------------
[debug] [2023-08-24T13:46:29.290Z] Command:       /home/suprise_sithole/.nvm/versions/node/v19.6.0/bin/node /home/suprise_sithole/.nvm/versions/node/v19.6.0/bin/firebase init
[debug] [2023-08-24T13:46:29.290Z] CLI Version:   12.5.1
[debug] [2023-08-24T13:46:29.291Z] Platform:      linux
[debug] [2023-08-24T13:46:29.291Z] Node Version:  v19.6.0
[debug] [2023-08-24T13:46:29.291Z] Time:          Thu Aug 24 2023 15:46:29 GMT+0200 (South Africa Standard Time)
[debug] [2023-08-24T13:46:29.291Z] ----------------------------------------------------------------------
[debug] 
[debug] [2023-08-24T13:46:29.296Z] > command requires scopes: ["email","openid","https://www.googleapis.com/auth/cloudplatformprojects.readonly","https://www.googleapis.com/auth/firebase","https://www.googleapis.com/auth/cloud-platform"]
[debug] [2023-08-24T13:46:29.296Z] > authorizing via signed-in user (suprisesydney@gmail.com)
[info] 
     ######## #### ########  ######## ########     ###     ######  ########
     ##        ##  ##     ## ##       ##     ##  ##   ##  ##       ##
     ######    ##  ########  ######   ########  #########  ######  ######
     ##        ##  ##    ##  ##       ##     ## ##     ##       ## ##
     ##       #### ##     ## ######## ########  ##     ##  ######  ########

You're about to initialize a Firebase project in this directory:

  /home/suprise_sithole/Pictures/NiceAdmin

[info] 
=== Project Setup
[info] 
[info] First, let's associate this project directory with a Firebase project.
[info] You can create multiple project aliases by running firebase use --add, 
[info] but for now we'll just set up a default project.
[info] 
[info] i  If you want to create a project in a Google Cloud organization or folder, please use "firebase projects:create" instead, and return to this command when you've created the project. 
[debug] [2023-08-24T13:48:01.032Z] >>> [apiv2][query] POST https://cloudresourcemanager.googleapis.com/v1/projects [none]
[debug] [2023-08-24T13:48:01.032Z] >>> [apiv2][body] POST https://cloudresourcemanager.googleapis.com/v1/projects {"projectId":"astt-cam","name":"Astt control system"}
[debug] [2023-08-24T13:48:03.765Z] <<< [apiv2][status] POST https://cloudresourcemanager.googleapis.com/v1/projects 409
[debug] [2023-08-24T13:48:03.766Z] <<< [apiv2][body] POST https://cloudresourcemanager.googleapis.com/v1/projects {"error":{"code":409,"message":"Requested entity already exists","status":"ALREADY_EXISTS"}}
[debug] [2023-08-24T13:48:04.274Z] FirebaseError: HTTP Error: 409, Requested entity already exists
    at responseToError (/home/suprise_sithole/.nvm/versions/node/v19.6.0/lib/node_modules/firebase-tools/lib/responseToError.js:49:12)
    at RetryOperation._fn (/home/suprise_sithole/.nvm/versions/node/v19.6.0/lib/node_modules/firebase-tools/lib/apiv2.js:285:77)
    at process.processTicksAndRejections (node:internal/process/task_queues:95:5)
[error] 
[error] Error: Failed to create project because there is already a project with ID astt-cam. Please try again with a unique project ID.
[debug] [2023-08-24T13:48:11.510Z] ----------------------------------------------------------------------
[debug] [2023-08-24T13:48:11.512Z] Command:       /home/suprise_sithole/.nvm/versions/node/v19.6.0/bin/node /home/suprise_sithole/.nvm/versions/node/v19.6.0/bin/firebase init
[debug] [2023-08-24T13:48:11.513Z] CLI Version:   12.5.1
[debug] [2023-08-24T13:48:11.513Z] Platform:      linux
[debug] [2023-08-24T13:48:11.513Z] Node Version:  v19.6.0
[debug] [2023-08-24T13:48:11.513Z] Time:          Thu Aug 24 2023 15:48:11 GMT+0200 (South Africa Standard Time)
[debug] [2023-08-24T13:48:11.513Z] ----------------------------------------------------------------------
[debug] 
[debug] [2023-08-24T13:48:11.518Z] > command requires scopes: ["email","openid","https://www.googleapis.com/auth/cloudplatformprojects.readonly","https://www.googleapis.com/auth/firebase","https://www.googleapis.com/auth/cloud-platform"]
[debug] [2023-08-24T13:48:11.519Z] > authorizing via signed-in user (suprisesydney@gmail.com)
[info] 
     ######## #### ########  ######## ########     ###     ######  ########
     ##        ##  ##     ## ##       ##     ##  ##   ##  ##       ##
     ######    ##  ########  ######   ########  #########  ######  ######
     ##        ##  ##    ##  ##       ##     ## ##     ##       ## ##
     ##       #### ##     ## ######## ########  ##     ##  ######  ########

You're about to initialize a Firebase project in this directory:

  /home/suprise_sithole/Pictures/NiceAdmin

[info] 
=== Project Setup
[info] 
[info] First, let's associate this project directory with a Firebase project.
[info] You can create multiple project aliases by running firebase use --add, 
[info] but for now we'll just set up a default project.
[info] 
[debug] [2023-08-24T13:48:20.578Z] >>> [apiv2][query] GET https://firebase.googleapis.com/v1beta1/projects pageSize=100
[debug] [2023-08-24T13:48:22.320Z] <<< [apiv2][status] GET https://firebase.googleapis.com/v1beta1/projects 200
[debug] [2023-08-24T13:48:22.321Z] <<< [apiv2][body] GET https://firebase.googleapis.com/v1beta1/projects [omitted]
[info] i  Using project astt-cam (Astt Cam) 
[info] 
=== Hosting Setup
[info] 
[info] Your public directory is the folder (relative to your project directory) that
[info] will contain Hosting assets to be uploaded with firebase deploy. If you
[info] have a build process for your assets, use your build's output directory.
[info] 
[debug] [2023-08-24T13:49:57.643Z] >>> [apiv2][query] GET https://www.gstatic.com/firebasejs/releases.json [none]
[debug] [2023-08-24T13:49:58.282Z] <<< [apiv2][status] GET https://www.gstatic.com/firebasejs/releases.json 200
[debug] [2023-08-24T13:49:58.282Z] <<< [apiv2][body] GET https://www.gstatic.com/firebasejs/releases.json {"current":{"version":"10.3.0","browserURL":"https://www.gstatic.com/firebasejs/10.3.0/firebase.js","packageURL":"https://www.gstatic.com/firebasejs/10.3.0/firebase.tgz"},"live":{"version":"10.3","browserURL":"https://www.gstatic.com/firebasejs/live/10.3/firebase.js","packageURL":"https://www.gstatic.com/firebasejs/live/10.3/firebase.tgz"},"components":{"analytics":"https://www.gstatic.com/firebasejs/10.3.0/firebase-analytics.js","app":"https://www.gstatic.com/firebasejs/10.3.0/firebase-app.js","app-check":"https://www.gstatic.com/firebasejs/10.3.0/firebase-app-check.js","auth":"https://www.gstatic.com/firebasejs/10.3.0/firebase-auth.js","auth/cordova":"https://www.gstatic.com/firebasejs/10.3.0/firebase-auth/cordova.js","functions":"https://www.gstatic.com/firebasejs/10.3.0/firebase-functions.js","firestore":"https://www.gstatic.com/firebasejs/10.3.0/firebase-firestore.js","firestore/lite":"https://www.gstatic.com/firebasejs/10.3.0/firebase-firestore/lite.js","installations":"https://www.gstatic.com/firebasejs/10.3.0/firebase-installations.js","storage":"https://www.gstatic.com/firebasejs/10.3.0/firebase-storage.js","performance":"https://www.gstatic.com/firebasejs/10.3.0/firebase-performance.js","remote-config":"https://www.gstatic.com/firebasejs/10.3.0/firebase-remote-config.js","messaging":"https://www.gstatic.com/firebasejs/10.3.0/firebase-messaging.js","messaging/sw":"https://www.gstatic.com/firebasejs/10.3.0/firebase-messaging/sw.js","database":"https://www.gstatic.com/firebasejs/10.3.0/firebase-database.js","firestore.memory":"https://www.gstatic.com/firebasejs/10.3.0/firebase-firestore.memory.js"}}
[info] ✔  Wrote public/index.html 
[info] 
[info] i  Writing configuration info to firebase.json... 
[info] i  Writing project information to .firebaserc... 
[info] i  Writing gitignore file to .gitignore... 
[info] 
[info] ✔  Firebase initialization complete! 
